INFO:     Started server process [33316]
INFO:     Waiting for application startup.
INFO:app.main:Starting template backend
2026-02-27 12:19:25,865 INFO sqlalchemy.engine.Engine select pg_catalog.version()
INFO:sqlalchemy.engine.Engine:select pg_catalog.version()
2026-02-27 12:19:25,865 INFO sqlalchemy.engine.Engine [raw sql] ()
INFO:sqlalchemy.engine.Engine:[raw sql] ()
2026-02-27 12:19:25,871 INFO sqlalchemy.engine.Engine select current_schema()
INFO:sqlalchemy.engine.Engine:select current_schema()
2026-02-27 12:19:25,871 INFO sqlalchemy.engine.Engine [raw sql] ()
INFO:sqlalchemy.engine.Engine:[raw sql] ()
2026-02-27 12:19:25,873 INFO sqlalchemy.engine.Engine show standard_conforming_strings
INFO:sqlalchemy.engine.Engine:show standard_conforming_strings
2026-02-27 12:19:25,873 INFO sqlalchemy.engine.Engine [raw sql] ()
INFO:sqlalchemy.engine.Engine:[raw sql] ()
2026-02-27 12:19:25,874 INFO sqlalchemy.engine.Engine BEGIN (implicit)
INFO:sqlalchemy.engine.Engine:BEGIN (implicit)
2026-02-27 12:19:25,874 INFO sqlalchemy.engine.Engine SELECT EXISTS (SELECT FROM information_schema.tables WHERE table_name = $1)
INFO:sqlalchemy.engine.Engine:SELECT EXISTS (SELECT FROM information_schema.tables WHERE table_name = $1)
2026-02-27 12:19:25,874 INFO sqlalchemy.engine.Engine [generated in 0.00009s] ('timezones',)
INFO:sqlalchemy.engine.Engine:[generated in 0.00009s] ('timezones',)
2026-02-27 12:19:25,879 INFO sqlalchemy.engine.Engine -- Timezones table and sequence (stable low-cardinality lookup)
CREATE SEQUENCE IF NOT EXISTS timezone_id_seq START WITH 1 INCREMENT BY 1
INFO:sqlalchemy.engine.Engine:-- Timezones table and sequence (stable low-cardinality lookup)
CREATE SEQUENCE IF NOT EXISTS timezone_id_seq START WITH 1 INCREMENT BY 1
2026-02-27 12:19:25,879 INFO sqlalchemy.engine.Engine [generated in 0.00010s] ()
INFO:sqlalchemy.engine.Engine:[generated in 0.00010s] ()
2026-02-27 12:19:25,881 INFO sqlalchemy.engine.Engine CREATE TABLE IF NOT EXISTS timezones (
    timezone_id BIGINT PRIMARY KEY,
    timezone_name TEXT UNIQUE NOT NULL,
    created_at TIMESTAMP NOT NULL
)
INFO:sqlalchemy.engine.Engine:CREATE TABLE IF NOT EXISTS timezones (
    timezone_id BIGINT PRIMARY KEY,
    timezone_name TEXT UNIQUE NOT NULL,
    created_at TIMESTAMP NOT NULL
)
2026-02-27 12:19:25,881 INFO sqlalchemy.engine.Engine [generated in 0.00008s] ()
INFO:sqlalchemy.engine.Engine:[generated in 0.00008s] ()
2026-02-27 12:19:25,886 INFO sqlalchemy.engine.Engine SELECT EXISTS (SELECT FROM information_schema.tables WHERE table_name = $1)
INFO:sqlalchemy.engine.Engine:SELECT EXISTS (SELECT FROM information_schema.tables WHERE table_name = $1)
2026-02-27 12:19:25,886 INFO sqlalchemy.engine.Engine [cached since 0.0116s ago] ('users',)
INFO:sqlalchemy.engine.Engine:[cached since 0.0116s ago] ('users',)
2026-02-27 12:19:25,887 INFO sqlalchemy.engine.Engine -- Users table and sequence
CREATE SEQUENCE IF NOT EXISTS user_id_seq START WITH 1 INCREMENT BY 1
INFO:sqlalchemy.engine.Engine:-- Users table and sequence
CREATE SEQUENCE IF NOT EXISTS user_id_seq START WITH 1 INCREMENT BY 1
2026-02-27 12:19:25,887 INFO sqlalchemy.engine.Engine [generated in 0.00015s] ()
INFO:sqlalchemy.engine.Engine:[generated in 0.00015s] ()
2026-02-27 12:19:25,888 INFO sqlalchemy.engine.Engine CREATE TABLE IF NOT EXISTS users (
    user_id BIGINT PRIMARY KEY,
    reference UUID UNIQUE NOT NULL,
    timezone_id BIGINT NOT NULL REFERENCES timezones (timezone_id),
    created_at TIMESTAMP NOT NULL,
    updated_at TIMESTAMP NOT NULL
)
INFO:sqlalchemy.engine.Engine:CREATE TABLE IF NOT EXISTS users (
    user_id BIGINT PRIMARY KEY,
    reference UUID UNIQUE NOT NULL,
    timezone_id BIGINT NOT NULL REFERENCES timezones (timezone_id),
    created_at TIMESTAMP NOT NULL,
    updated_at TIMESTAMP NOT NULL
)
2026-02-27 12:19:25,888 INFO sqlalchemy.engine.Engine [generated in 0.00008s] ()
INFO:sqlalchemy.engine.Engine:[generated in 0.00008s] ()
2026-02-27 12:19:25,892 INFO sqlalchemy.engine.Engine CREATE INDEX IF NOT EXISTS idx_users_reference ON users (reference)
INFO:sqlalchemy.engine.Engine:CREATE INDEX IF NOT EXISTS idx_users_reference ON users (reference)
2026-02-27 12:19:25,892 INFO sqlalchemy.engine.Engine [generated in 0.00009s] ()
INFO:sqlalchemy.engine.Engine:[generated in 0.00009s] ()
2026-02-27 12:19:25,894 INFO sqlalchemy.engine.Engine COMMIT
INFO:sqlalchemy.engine.Engine:COMMIT
2026-02-27 12:19:25,895 INFO sqlalchemy.engine.Engine BEGIN (implicit)
INFO:sqlalchemy.engine.Engine:BEGIN (implicit)
2026-02-27 12:19:25,898 INFO sqlalchemy.engine.Engine SELECT timezones.timezone_id, timezones.timezone_name, timezones.created_at 
FROM timezones 
WHERE timezones.timezone_id = $1::BIGINT
INFO:sqlalchemy.engine.Engine:SELECT timezones.timezone_id, timezones.timezone_name, timezones.created_at 
FROM timezones 
WHERE timezones.timezone_id = $1::BIGINT
2026-02-27 12:19:25,898 INFO sqlalchemy.engine.Engine [generated in 0.00010s] (1,)
INFO:sqlalchemy.engine.Engine:[generated in 0.00010s] (1,)
2026-02-27 12:19:25,900 INFO sqlalchemy.engine.Engine INSERT INTO timezones (timezone_id, timezone_name, created_at) VALUES ($1::BIGINT, $2::VARCHAR, $3::TIMESTAMP WITHOUT TIME ZONE)
INFO:sqlalchemy.engine.Engine:INSERT INTO timezones (timezone_id, timezone_name, created_at) VALUES ($1::BIGINT, $2::VARCHAR, $3::TIMESTAMP WITHOUT TIME ZONE)
2026-02-27 12:19:25,900 INFO sqlalchemy.engine.Engine [generated in 0.00011s] (1, 'UTC', DateTime(2026, 2, 27, 11, 19, 25, 895099))
INFO:sqlalchemy.engine.Engine:[generated in 0.00011s] (1, 'UTC', DateTime(2026, 2, 27, 11, 19, 25, 895099))
2026-02-27 12:19:25,902 INFO sqlalchemy.engine.Engine SELECT timezones.timezone_id, timezones.timezone_name, timezones.created_at 
FROM timezones 
WHERE timezones.timezone_id = $1::BIGINT
INFO:sqlalchemy.engine.Engine:SELECT timezones.timezone_id, timezones.timezone_name, timezones.created_at 
FROM timezones 
WHERE timezones.timezone_id = $1::BIGINT
2026-02-27 12:19:25,902 INFO sqlalchemy.engine.Engine [cached since 0.004033s ago] (2,)
INFO:sqlalchemy.engine.Engine:[cached since 0.004033s ago] (2,)
2026-02-27 12:19:25,902 INFO sqlalchemy.engine.Engine INSERT INTO timezones (timezone_id, timezone_name, created_at) VALUES ($1::BIGINT, $2::VARCHAR, $3::TIMESTAMP WITHOUT TIME ZONE)
INFO:sqlalchemy.engine.Engine:INSERT INTO timezones (timezone_id, timezone_name, created_at) VALUES ($1::BIGINT, $2::VARCHAR, $3::TIMESTAMP WITHOUT TIME ZONE)
2026-02-27 12:19:25,903 INFO sqlalchemy.engine.Engine [cached since 0.002408s ago] (2, 'Europe/Amsterdam', DateTime(2026, 2, 27, 11, 19, 25, 895099))
INFO:sqlalchemy.engine.Engine:[cached since 0.002408s ago] (2, 'Europe/Amsterdam', DateTime(2026, 2, 27, 11, 19, 25, 895099))
2026-02-27 12:19:25,903 INFO sqlalchemy.engine.Engine SELECT timezones.timezone_id, timezones.timezone_name, timezones.created_at 
FROM timezones 
WHERE timezones.timezone_id = $1::BIGINT
INFO:sqlalchemy.engine.Engine:SELECT timezones.timezone_id, timezones.timezone_name, timezones.created_at 
FROM timezones 
WHERE timezones.timezone_id = $1::BIGINT
2026-02-27 12:19:25,903 INFO sqlalchemy.engine.Engine [cached since 0.005645s ago] (3,)
INFO:sqlalchemy.engine.Engine:[cached since 0.005645s ago] (3,)
2026-02-27 12:19:25,904 INFO sqlalchemy.engine.Engine INSERT INTO timezones (timezone_id, timezone_name, created_at) VALUES ($1::BIGINT, $2::VARCHAR, $3::TIMESTAMP WITHOUT TIME ZONE)
INFO:sqlalchemy.engine.Engine:INSERT INTO timezones (timezone_id, timezone_name, created_at) VALUES ($1::BIGINT, $2::VARCHAR, $3::TIMESTAMP WITHOUT TIME ZONE)
2026-02-27 12:19:25,904 INFO sqlalchemy.engine.Engine [cached since 0.003656s ago] (3, 'America/New_York', DateTime(2026, 2, 27, 11, 19, 25, 895099))
INFO:sqlalchemy.engine.Engine:[cached since 0.003656s ago] (3, 'America/New_York', DateTime(2026, 2, 27, 11, 19, 25, 895099))
2026-02-27 12:19:25,904 INFO sqlalchemy.engine.Engine COMMIT
INFO:sqlalchemy.engine.Engine:COMMIT
INFO:     Application startup complete.
INFO:     Uvicorn running on http://127.0.0.1:8000 (Press CTRL+C to quit)
INFO:     127.0.0.1:62028 - "GET /health HTTP/1.1" 200 OK
INFO:     127.0.0.1:62030 - "GET /health HTTP/1.1" 200 OK
INFO:     127.0.0.1:62053 - "GET /health HTTP/1.1" 200 OK
INFO:     127.0.0.1:62053 - "GET /health HTTP/1.1" 200 OK
INFO:     127.0.0.1:63008 - "GET /health HTTP/1.1" 200 OK
INFO:     127.0.0.1:63019 - "OPTIONS /auth/register HTTP/1.1" 200 OK
INFO:     127.0.0.1:63019 - "POST /auth/register HTTP/1.1" 404 Not Found
INFO:     127.0.0.1:63019 - "POST /auth/register HTTP/1.1" 404 Not Found
